================================================================================
SEATRAC PROGRAMMER APPLICATION LOG
================================================================================
App Path        : D:\SeaTrac\Tools\
App Started     : 2021-09-24 04:01:37
App Version     : v1.2.1.330
App Cmd Line    : 1
    Param[0] = "D:\SeaTrac\Tools\SeaTracProgrammer.exe"
User Path       : C:\Users\kalliyan\Documents\
App Log Saved   : 2021-09-24 04:01:43
App Log Entries : 8 (of max 2000)
================================================================================

1,2021-09-24 04:01:37.276,INFO,"Application 'SeaTrac Programmer' starting (v1.2.1.330)."
2,2021-09-24 04:01:37.276,INFO,"Application log autosave enabled for 15 minute intervals."
3,2021-09-24 04:01:37.303,INFO,"Applying default application settings."
4,2021-09-24 04:01:37.303,INFO,"Loading application settings from 'D:\SeaTrac\Tools\SeaTracProgrammer.ini'."
5,2021-09-24 04:01:37.313,INFO,"Opening serial port ''..."
6,2021-09-24 04:01:37.313,ERROR,"The serial port '' is not available, and cannot be opened."
7,2021-09-24 04:01:43.679,INFO,"Saving application settings to 'D:\SeaTrac\Tools\SeaTracProgrammer.ini'."
8,2021-09-24 04:01:43.971,INFO,"Application closing down."
